TN:
SF:/Users/robertoguerrasuarez/Documents/contabilidad/frontend/src/polyfills.ts
FNF:0
FNH:0
LF:0
LH:0
BRF:0
BRH:0
end_of_record
TN:
SF:/Users/robertoguerrasuarez/Documents/contabilidad/frontend/src/test.ts
FNF:0
FNH:0
DA:13,1
DA:18,1
DA:20,1
LF:3
LH:3
BRF:0
BRH:0
end_of_record
TN:
SF:/Users/robertoguerrasuarez/Documents/contabilidad/frontend/src/app/app.component.ts
FNF:0
FNH:0
DA:12,1
LF:1
LH:1
BRF:0
BRH:0
end_of_record
TN:
SF:/Users/robertoguerrasuarez/Documents/contabilidad/frontend/src/app/config/config.ts
FNF:0
FNH:0
DA:4,1
LF:1
LH:1
BRF:0
BRH:0
end_of_record
TN:
SF:/Users/robertoguerrasuarez/Documents/contabilidad/frontend/src/app/login/login.component.ts
FN:41,(anonymous_0)
FN:49,(anonymous_1)
FN:63,(anonymous_2)
FN:83,(anonymous_3)
FN:88,(anonymous_4)
FN:90,(anonymous_5)
FNF:6
FNH:6
FNDA:7,(anonymous_0)
FNDA:9,(anonymous_1)
FNDA:4,(anonymous_2)
FNDA:1,(anonymous_3)
FNDA:1,(anonymous_4)
FNDA:1,(anonymous_5)
DA:16,1
DA:21,7
DA:31,7
DA:33,7
DA:42,7
DA:43,7
DA:50,9
DA:51,9
DA:52,3
DA:54,6
DA:67,4
DA:68,1
DA:74,3
DA:81,3
DA:84,1
DA:85,1
DA:89,1
DA:90,1
DA:91,1
LF:19
LH:19
BRDA:50,0,0,9
BRDA:50,0,1,6
BRDA:51,1,0,3
BRDA:51,1,1,6
BRDA:67,2,0,1
BRDA:67,2,1,3
BRDA:84,3,0,1
BRDA:84,3,1,0
BRF:8
BRH:7
end_of_record
TN:
SF:/Users/robertoguerrasuarez/Documents/contabilidad/frontend/src/app/models/cuenta.model.ts
FN:12,(anonymous_0)
FNF:1
FNH:1
FNDA:1,(anonymous_0)
DA:13,1
DA:14,1
DA:15,1
LF:3
LH:3
BRF:0
BRH:0
end_of_record
TN:
SF:/Users/robertoguerrasuarez/Documents/contabilidad/frontend/src/app/models/grupo.model.ts
FN:12,(anonymous_0)
FNF:1
FNH:1
FNDA:2,(anonymous_0)
DA:13,2
DA:14,2
DA:15,2
LF:3
LH:3
BRF:0
BRH:0
end_of_record
TN:
SF:/Users/robertoguerrasuarez/Documents/contabilidad/frontend/src/app/models/porcentaje.model.ts
FN:11,(anonymous_0)
FN:17,(anonymous_1)
FNF:2
FNH:1
FNDA:4,(anonymous_0)
FNDA:0,(anonymous_1)
DA:12,4
DA:13,4
DA:14,4
DA:18,0
DA:19,0
DA:20,0
LF:6
LH:3
BRF:0
BRH:0
end_of_record
TN:
SF:/Users/robertoguerrasuarez/Documents/contabilidad/frontend/src/app/models/subcuenta.model.ts
FN:16,(anonymous_0)
FNF:1
FNH:1
FNDA:2,(anonymous_0)
DA:17,2
DA:18,2
DA:19,2
DA:20,2
LF:4
LH:4
BRF:0
BRH:0
end_of_record
TN:
SF:/Users/robertoguerrasuarez/Documents/contabilidad/frontend/src/app/models/subgrupo.model.ts
FN:13,(anonymous_0)
FNF:1
FNH:1
FNDA:2,(anonymous_0)
DA:14,2
DA:15,2
DA:16,2
DA:17,2
LF:4
LH:4
BRF:0
BRH:0
end_of_record
TN:
SF:/Users/robertoguerrasuarez/Documents/contabilidad/frontend/src/app/models/tax.model.ts
FN:14,(anonymous_0)
FNF:1
FNH:1
FNDA:4,(anonymous_0)
DA:15,4
DA:16,4
DA:17,4
DA:18,4
LF:4
LH:4
BRF:0
BRH:0
end_of_record
TN:
SF:/Users/robertoguerrasuarez/Documents/contabilidad/frontend/src/app/models/usuario.model.ts
FN:15,(anonymous_0)
FNF:1
FNH:1
FNDA:7,(anonymous_0)
DA:16,7
DA:17,7
DA:18,7
DA:19,7
DA:20,7
DA:21,7
LF:6
LH:6
BRDA:19,0,0,6
BRF:1
BRH:1
end_of_record
TN:
SF:/Users/robertoguerrasuarez/Documents/contabilidad/frontend/src/app/models/via.model.ts
FN:11,(anonymous_0)
FNF:1
FNH:1
FNDA:1,(anonymous_0)
DA:12,1
DA:13,1
DA:14,1
LF:3
LH:3
BRF:0
BRH:0
end_of_record
TN:
SF:/Users/robertoguerrasuarez/Documents/contabilidad/frontend/src/app/pages/pages.component.ts
FN:19,(anonymous_0)
FN:23,(anonymous_1)
FNF:2
FNH:2
FNDA:1,(anonymous_0)
FNDA:1,(anonymous_1)
DA:11,1
DA:19,1
DA:24,1
DA:25,1
DA:26,1
DA:27,1
DA:28,1
LF:7
LH:7
BRF:0
BRH:0
end_of_record
TN:
SF:/Users/robertoguerrasuarez/Documents/contabilidad/frontend/src/app/pages/config/config.component.ts
FN:37,(anonymous_0)
FN:42,(anonymous_1)
FN:51,(anonymous_2)
FN:52,(anonymous_3)
FN:56,(anonymous_4)
FN:61,(anonymous_5)
FN:65,(anonymous_6)
FNF:7
FNH:2
FNDA:1,(anonymous_0)
FNDA:1,(anonymous_1)
FNDA:0,(anonymous_2)
FNDA:0,(anonymous_3)
FNDA:0,(anonymous_4)
FNDA:0,(anonymous_5)
FNDA:0,(anonymous_6)
DA:13,1
DA:18,1
DA:25,1
DA:30,1
DA:32,1
DA:52,0
DA:53,0
DA:57,0
DA:58,0
DA:62,0
DA:66,0
LF:11
LH:5
BRF:0
BRH:0
end_of_record
TN:
SF:/Users/robertoguerrasuarez/Documents/contabilidad/frontend/src/app/pages/config/contabilidad.component.ts
FN:44,(anonymous_0)
FN:54,(anonymous_1)
FN:63,(anonymous_2)
FN:65,(anonymous_3)
FN:73,(anonymous_4)
FN:75,(anonymous_5)
FN:83,(anonymous_6)
FN:85,(anonymous_7)
FN:94,(anonymous_8)
FN:101,(anonymous_9)
FN:104,(anonymous_10)
FN:110,(anonymous_11)
FNF:12
FNH:5
FNDA:2,(anonymous_0)
FNDA:2,(anonymous_1)
FNDA:2,(anonymous_2)
FNDA:0,(anonymous_3)
FNDA:2,(anonymous_4)
FNDA:0,(anonymous_5)
FNDA:2,(anonymous_6)
FNDA:0,(anonymous_7)
FNDA:0,(anonymous_8)
FNDA:0,(anonymous_9)
FNDA:0,(anonymous_10)
FNDA:0,(anonymous_11)
DA:16,1
DA:21,2
DA:25,2
DA:30,2
DA:35,2
DA:45,2
DA:46,2
DA:47,2
DA:48,2
DA:55,2
DA:56,2
DA:57,2
DA:64,2
DA:66,0
DA:74,2
DA:76,0
DA:84,2
DA:86,0
DA:95,0
DA:102,0
DA:103,0
DA:104,0
DA:105,0
DA:106,0
DA:107,0
DA:111,0
DA:114,0
LF:27
LH:15
BRDA:102,0,0,0
BRDA:102,0,1,0
BRF:2
BRH:0
end_of_record
TN:
SF:/Users/robertoguerrasuarez/Documents/contabilidad/frontend/src/app/pages/config/tax/tax.component.ts
FN:97,(anonymous_0)
FN:102,(anonymous_1)
FN:110,(anonymous_2)
FN:112,(anonymous_3)
FN:118,(anonymous_4)
FN:129,(anonymous_5)
FN:137,(anonymous_6)
FN:145,(anonymous_7)
FN:155,(anonymous_8)
FN:176,(anonymous_9)
FN:189,(anonymous_10)
FN:204,(anonymous_11)
FN:214,(anonymous_12)
FN:223,(anonymous_13)
FN:231,(anonymous_14)
FN:240,(anonymous_15)
FN:241,(anonymous_16)
FNF:17
FNH:3
FNDA:2,(anonymous_0)
FNDA:2,(anonymous_1)
FNDA:2,(anonymous_2)
FNDA:0,(anonymous_3)
FNDA:0,(anonymous_4)
FNDA:0,(anonymous_5)
FNDA:0,(anonymous_6)
FNDA:0,(anonymous_7)
FNDA:0,(anonymous_8)
FNDA:0,(anonymous_9)
FNDA:0,(anonymous_10)
FNDA:0,(anonymous_11)
FNDA:0,(anonymous_12)
FNDA:0,(anonymous_13)
FNDA:0,(anonymous_14)
FNDA:0,(anonymous_15)
FNDA:0,(anonymous_16)
DA:17,1
DA:24,2
DA:29,2
DA:34,2
DA:50,2
DA:55,2
DA:60,2
DA:65,2
DA:70,2
DA:75,2
DA:85,2
DA:90,2
DA:97,2
DA:103,2
DA:111,2
DA:113,0
DA:114,0
DA:119,0
DA:130,0
DA:131,0
DA:138,0
DA:139,0
DA:146,0
DA:147,0
DA:148,0
DA:149,0
DA:156,0
DA:157,0
DA:164,0
DA:165,0
DA:166,0
DA:177,0
DA:178,0
DA:179,0
DA:181,0
DA:190,0
DA:191,0
DA:193,0
DA:194,0
DA:205,0
DA:206,0
DA:215,0
DA:224,0
DA:232,0
DA:241,0
DA:242,0
LF:46
LH:15
BRDA:113,0,0,0
BRDA:113,0,1,0
BRDA:156,1,0,0
BRDA:156,1,1,0
BRDA:177,2,0,0
BRDA:177,2,1,0
BRDA:190,3,0,0
BRDA:190,3,1,0
BRF:8
BRH:0
end_of_record
TN:
SF:/Users/robertoguerrasuarez/Documents/contabilidad/frontend/src/app/pages/config/tax/taxform.component.ts
FN:36,(anonymous_0)
FN:43,(anonymous_1)
FN:52,(anonymous_2)
FN:59,(anonymous_3)
FN:70,(anonymous_4)
FN:87,(anonymous_5)
FN:112,(anonymous_6)
FNF:7
FNH:0
FNDA:0,(anonymous_0)
FNDA:0,(anonymous_1)
FNDA:0,(anonymous_2)
FNDA:0,(anonymous_3)
FNDA:0,(anonymous_4)
FNDA:0,(anonymous_5)
FNDA:0,(anonymous_6)
DA:15,1
DA:22,0
DA:31,1
DA:33,1
DA:36,0
DA:44,0
DA:53,0
DA:54,0
DA:55,0
DA:56,0
DA:58,0
DA:60,0
DA:61,0
DA:62,0
DA:67,0
DA:71,0
DA:72,0
DA:73,0
DA:74,0
DA:88,0
DA:89,0
DA:90,0
DA:91,0
DA:92,0
DA:94,0
DA:95,0
DA:96,0
DA:98,0
DA:102,0
DA:103,0
DA:105,0
DA:113,0
LF:32
LH:3
BRDA:53,0,0,0
BRDA:53,0,1,0
BRDA:61,1,0,0
BRDA:61,1,1,0
BRDA:72,2,0,0
BRDA:72,2,1,0
BRDA:90,3,0,0
BRDA:90,3,1,0
BRDA:90,4,0,0
BRDA:90,4,1,0
BRDA:94,5,0,0
BRDA:94,5,1,0
BRDA:94,6,0,0
BRDA:94,6,1,0
BRDA:102,7,0,0
BRDA:102,7,1,0
BRDA:102,8,0,0
BRDA:102,8,1,0
BRF:18
BRH:0
end_of_record
TN:
SF:/Users/robertoguerrasuarez/Documents/contabilidad/frontend/src/app/pages/config/tax/taxporform.component.ts
FN:41,(anonymous_0)
FN:46,(anonymous_1)
FN:49,(anonymous_2)
FN:60,(anonymous_3)
FN:78,(anonymous_4)
FN:104,(anonymous_5)
FN:130,(anonymous_6)
FN:134,(anonymous_7)
FNF:8
FNH:0
FNDA:0,(anonymous_0)
FNDA:0,(anonymous_1)
FNDA:0,(anonymous_2)
FNDA:0,(anonymous_3)
FNDA:0,(anonymous_4)
FNDA:0,(anonymous_5)
FNDA:0,(anonymous_6)
FNDA:0,(anonymous_7)
DA:20,1
DA:22,1
DA:23,1
DA:25,1
DA:31,0
DA:36,0
DA:41,0
DA:50,0
DA:52,0
DA:53,0
DA:54,0
DA:57,0
DA:62,0
DA:63,0
DA:64,0
DA:71,0
DA:79,0
DA:80,0
DA:81,0
DA:88,0
DA:94,0
DA:131,0
DA:135,0
LF:23
LH:4
BRDA:62,0,0,0
BRDA:62,0,1,0
BRDA:63,1,0,0
BRDA:63,1,1,0
BRDA:79,2,0,0
BRDA:79,2,1,0
BRF:6
BRH:0
end_of_record
TN:
SF:/Users/robertoguerrasuarez/Documents/contabilidad/frontend/src/app/pages/config/vias/via.component.ts
FN:37,(anonymous_0)
FN:43,(anonymous_1)
FN:49,(anonymous_2)
FN:55,(anonymous_3)
FN:62,(anonymous_4)
FN:70,(anonymous_5)
FNF:6
FNH:2
FNDA:1,(anonymous_0)
FNDA:1,(anonymous_1)
FNDA:0,(anonymous_2)
FNDA:0,(anonymous_3)
FNDA:0,(anonymous_4)
FNDA:0,(anonymous_5)
DA:14,1
DA:16,1
DA:21,1
DA:26,1
DA:31,1
DA:37,1
DA:50,0
DA:51,0
DA:52,0
DA:56,0
DA:63,0
LF:11
LH:6
BRF:0
BRH:0
end_of_record
TN:
SF:/Users/robertoguerrasuarez/Documents/contabilidad/frontend/src/app/pages/config/vias/vias.component.ts
FN:84,(anonymous_0)
FN:94,(anonymous_1)
FN:105,(anonymous_2)
FN:113,(anonymous_3)
FN:119,(anonymous_4)
FN:120,(anonymous_5)
FN:128,(anonymous_6)
FN:133,(anonymous_7)
FN:138,(anonymous_8)
FN:147,(anonymous_9)
FN:153,(anonymous_10)
FN:155,(anonymous_11)
FN:166,(anonymous_12)
FNF:13
FNH:4
FNDA:1,(anonymous_0)
FNDA:1,(anonymous_1)
FNDA:0,(anonymous_2)
FNDA:1,(anonymous_3)
FNDA:0,(anonymous_4)
FNDA:0,(anonymous_5)
FNDA:1,(anonymous_6)
FNDA:0,(anonymous_7)
FNDA:0,(anonymous_8)
FNDA:0,(anonymous_9)
FNDA:0,(anonymous_10)
FNDA:0,(anonymous_11)
FNDA:0,(anonymous_12)
DA:15,1
DA:18,1
DA:23,1
DA:29,1
DA:34,1
DA:49,1
DA:54,1
DA:72,1
DA:77,1
DA:85,1
DA:86,1
DA:95,1
DA:96,1
DA:106,0
DA:107,0
DA:114,1
DA:115,1
DA:120,0
DA:121,0
DA:129,1
DA:134,0
DA:135,0
DA:139,0
DA:148,0
DA:149,0
DA:156,0
DA:157,0
DA:167,0
DA:168,0
DA:169,0
DA:171,0
DA:174,0
LF:32
LH:16
BRDA:167,0,0,0
BRDA:167,0,1,0
BRDA:168,1,0,0
BRDA:168,1,1,0
BRF:4
BRH:0
end_of_record
TN:
SF:/Users/robertoguerrasuarez/Documents/contabilidad/frontend/src/app/pages/cuentas/cuenta.component.ts
FN:60,(anonymous_0)
FN:66,(anonymous_1)
FN:79,(anonymous_2)
FN:86,(anonymous_3)
FN:98,(anonymous_4)
FN:105,(anonymous_5)
FN:114,(anonymous_6)
FN:128,(anonymous_7)
FN:137,(anonymous_8)
FN:149,(anonymous_9)
FN:150,(anonymous_10)
FN:161,(anonymous_11)
FN:182,(anonymous_12)
FN:187,(anonymous_13)
FNF:14
FNH:5
FNDA:1,(anonymous_0)
FNDA:1,(anonymous_1)
FNDA:1,(anonymous_2)
FNDA:0,(anonymous_3)
FNDA:0,(anonymous_4)
FNDA:0,(anonymous_5)
FNDA:0,(anonymous_6)
FNDA:0,(anonymous_7)
FNDA:1,(anonymous_8)
FNDA:1,(anonymous_9)
FNDA:0,(anonymous_10)
FNDA:0,(anonymous_11)
FNDA:0,(anonymous_12)
FNDA:0,(anonymous_13)
DA:19,1
DA:24,1
DA:29,1
DA:34,1
DA:39,1
DA:45,1
DA:61,1
DA:62,1
DA:63,1
DA:64,1
DA:66,1
DA:67,1
DA:68,1
DA:69,1
DA:80,1
DA:87,0
DA:88,0
DA:89,0
DA:90,0
DA:99,0
DA:100,0
DA:101,0
DA:102,0
DA:104,0
DA:106,0
DA:107,0
DA:112,0
DA:115,0
DA:116,0
DA:117,0
DA:129,0
DA:138,1
DA:139,1
DA:140,1
DA:150,1
DA:151,0
DA:152,0
DA:162,0
DA:163,0
DA:167,0
DA:168,0
DA:170,0
DA:172,0
DA:173,0
DA:174,0
DA:177,0
DA:178,0
DA:179,0
DA:181,0
DA:183,0
DA:184,0
DA:186,0
DA:188,0
DA:190,0
DA:191,0
DA:192,0
DA:202,0
DA:203,0
DA:206,0
DA:214,0
DA:215,0
DA:217,0
LF:62
LH:19
BRDA:68,0,0,1
BRDA:68,0,1,0
BRDA:99,1,0,0
BRDA:99,1,1,0
BRDA:115,2,0,0
BRDA:115,2,1,0
BRDA:139,3,0,1
BRDA:139,3,1,0
BRDA:162,4,0,0
BRDA:162,4,1,0
BRDA:167,5,0,0
BRDA:167,5,1,0
BRDA:170,6,0,0
BRDA:170,6,1,0
BRDA:170,7,0,0
BRDA:170,7,1,0
BRDA:172,8,0,0
BRDA:172,8,1,0
BRDA:183,9,0,0
BRDA:183,9,1,0
BRDA:188,10,0,0
BRDA:188,10,1,0
BRDA:202,11,0,0
BRDA:202,11,1,0
BRDA:202,12,0,0
BRDA:202,12,1,0
BRDA:214,13,0,0
BRDA:214,13,1,0
BRDA:214,14,0,0
BRDA:214,14,1,0
BRF:30
BRH:2
end_of_record
TN:
SF:/Users/robertoguerrasuarez/Documents/contabilidad/frontend/src/app/pages/cuentas/cuentas.component.ts
FN:96,(anonymous_0)
FN:106,(anonymous_1)
FN:114,(anonymous_2)
FN:120,(anonymous_3)
FN:128,(anonymous_4)
FN:136,(anonymous_5)
FN:141,(anonymous_6)
FN:142,(anonymous_7)
FN:153,(anonymous_8)
FN:162,(anonymous_9)
FN:169,(anonymous_10)
FN:179,(anonymous_11)
FN:206,(anonymous_12)
FNF:13
FNH:5
FNDA:1,(anonymous_0)
FNDA:1,(anonymous_1)
FNDA:1,(anonymous_2)
FNDA:0,(anonymous_3)
FNDA:1,(anonymous_4)
FNDA:0,(anonymous_5)
FNDA:0,(anonymous_6)
FNDA:0,(anonymous_7)
FNDA:0,(anonymous_8)
FNDA:0,(anonymous_9)
FNDA:1,(anonymous_10)
FNDA:0,(anonymous_11)
FNDA:0,(anonymous_12)
DA:17,1
DA:22,1
DA:27,1
DA:32,1
DA:47,1
DA:62,1
DA:67,1
DA:72,1
DA:82,1
DA:87,1
DA:97,1
DA:98,1
DA:99,1
DA:107,1
DA:108,1
DA:109,1
DA:115,1
DA:121,0
DA:129,1
DA:130,1
DA:137,0
DA:138,0
DA:139,0
DA:142,0
DA:154,0
DA:155,0
DA:163,0
DA:164,0
DA:170,1
DA:171,1
DA:180,0
DA:181,0
DA:182,0
DA:183,0
DA:185,0
DA:188,0
DA:189,0
DA:190,0
DA:191,0
DA:193,0
DA:196,0
LF:41
LH:21
BRDA:180,0,0,0
BRDA:180,0,1,0
BRDA:182,1,0,0
BRDA:182,1,1,0
BRDA:188,2,0,0
BRDA:188,2,1,0
BRDA:190,3,0,0
BRDA:190,3,1,0
BRF:8
BRH:0
end_of_record
TN:
SF:/Users/robertoguerrasuarez/Documents/contabilidad/frontend/src/app/pages/dashboard/dashboard.component.ts
FN:10,(anonymous_0)
FN:12,(anonymous_1)
FNF:2
FNH:2
FNDA:1,(anonymous_0)
FNDA:1,(anonymous_1)
DA:8,1
LF:1
LH:1
BRF:0
BRH:0
end_of_record
TN:
SF:/Users/robertoguerrasuarez/Documents/contabilidad/frontend/src/app/pages/grupos/grupo.component.ts
FN:52,(anonymous_0)
FN:58,(anonymous_1)
FN:69,(anonymous_2)
FN:78,(anonymous_3)
FN:91,(anonymous_4)
FN:93,(anonymous_5)
FN:104,(anonymous_6)
FN:113,(anonymous_7)
FN:122,(anonymous_8)
FN:136,(anonymous_9)
FN:145,(anonymous_10)
FN:154,(anonymous_11)
FNF:12
FNH:5
FNDA:1,(anonymous_0)
FNDA:1,(anonymous_1)
FNDA:1,(anonymous_2)
FNDA:1,(anonymous_3)
FNDA:1,(anonymous_4)
FNDA:0,(anonymous_5)
FNDA:0,(anonymous_6)
FNDA:0,(anonymous_7)
FNDA:0,(anonymous_8)
FNDA:0,(anonymous_9)
FNDA:0,(anonymous_10)
FNDA:0,(anonymous_11)
DA:16,1
DA:21,1
DA:28,1
DA:33,1
DA:38,1
DA:53,1
DA:54,1
DA:55,1
DA:58,1
DA:59,1
DA:60,1
DA:61,1
DA:70,1
DA:79,1
DA:80,1
DA:81,1
DA:92,1
DA:94,0
DA:105,0
DA:106,0
DA:107,0
DA:108,0
DA:109,0
DA:112,0
DA:114,0
DA:115,0
DA:120,0
DA:123,0
DA:124,0
DA:125,0
DA:137,0
DA:138,0
DA:139,0
DA:146,0
DA:155,0
DA:156,0
DA:158,0
DA:159,0
DA:161,0
DA:165,0
DA:166,0
DA:168,0
LF:42
LH:17
BRDA:60,0,0,1
BRDA:60,0,1,0
BRDA:80,1,0,1
BRDA:80,1,1,0
BRDA:105,2,0,0
BRDA:105,2,1,0
BRDA:123,3,0,0
BRDA:123,3,1,0
BRDA:155,4,0,0
BRDA:155,4,1,0
BRDA:155,5,0,0
BRDA:155,5,1,0
BRDA:158,6,0,0
BRDA:158,6,1,0
BRDA:158,7,0,0
BRDA:158,7,1,0
BRDA:165,8,0,0
BRDA:165,8,1,0
BRDA:165,9,0,0
BRDA:165,9,1,0
BRF:20
BRH:2
end_of_record
TN:
SF:/Users/robertoguerrasuarez/Documents/contabilidad/frontend/src/app/pages/grupos/grupos.component.ts
FN:85,(anonymous_0)
FN:94,(anonymous_1)
FN:103,(anonymous_2)
FN:110,(anonymous_3)
FN:118,(anonymous_4)
FN:129,(anonymous_5)
FN:152,(anonymous_6)
FN:158,(anonymous_7)
FN:164,(anonymous_8)
FN:174,(anonymous_9)
FN:182,(anonymous_10)
FN:192,(anonymous_11)
FN:200,(anonymous_12)
FN:204,(anonymous_13)
FN:221,(anonymous_14)
FNF:15
FNH:5
FNDA:1,(anonymous_0)
FNDA:1,(anonymous_1)
FNDA:1,(anonymous_2)
FNDA:0,(anonymous_3)
FNDA:1,(anonymous_4)
FNDA:0,(anonymous_5)
FNDA:1,(anonymous_6)
FNDA:0,(anonymous_7)
FNDA:0,(anonymous_8)
FNDA:0,(anonymous_9)
FNDA:0,(anonymous_10)
FNDA:0,(anonymous_11)
FNDA:0,(anonymous_12)
FNDA:0,(anonymous_13)
FNDA:0,(anonymous_14)
DA:16,1
DA:20,1
DA:25,1
DA:30,1
DA:46,1
DA:58,1
DA:62,1
DA:71,1
DA:75,1
DA:86,1
DA:87,1
DA:88,1
DA:95,1
DA:96,1
DA:97,1
DA:104,1
DA:111,0
DA:119,1
DA:120,1
DA:130,0
DA:131,0
DA:132,0
DA:133,0
DA:135,0
DA:138,0
DA:139,0
DA:140,0
DA:141,0
DA:143,0
DA:146,0
DA:153,1
DA:159,0
DA:160,0
DA:161,0
DA:164,0
DA:175,0
DA:176,0
DA:183,0
DA:184,0
DA:194,0
DA:202,0
DA:203,0
DA:205,0
DA:206,0
DA:211,0
DA:213,0
DA:222,0
LF:47
LH:19
BRDA:130,0,0,0
BRDA:130,0,1,0
BRDA:132,1,0,0
BRDA:132,1,1,0
BRDA:138,2,0,0
BRDA:138,2,1,0
BRDA:140,3,0,0
BRDA:140,3,1,0
BRDA:202,4,0,0
BRDA:202,4,1,0
BRDA:205,5,0,0
BRDA:205,5,1,0
BRF:12
BRH:0
end_of_record
TN:
SF:/Users/robertoguerrasuarez/Documents/contabilidad/frontend/src/app/pages/subcuentas/subcuenta.component.ts
FN:61,(anonymous_0)
FN:67,(anonymous_1)
FN:79,(anonymous_2)
FN:88,(anonymous_3)
FN:100,(anonymous_4)
FN:102,(anonymous_5)
FN:115,(anonymous_6)
FN:117,(anonymous_7)
FN:128,(anonymous_8)
FN:135,(anonymous_9)
FN:143,(anonymous_10)
FN:157,(anonymous_11)
FN:167,(anonymous_12)
FN:177,(anonymous_13)
FN:194,(anonymous_14)
FNF:15
FNH:5
FNDA:1,(anonymous_0)
FNDA:1,(anonymous_1)
FNDA:1,(anonymous_2)
FNDA:1,(anonymous_3)
FNDA:1,(anonymous_4)
FNDA:0,(anonymous_5)
FNDA:0,(anonymous_6)
FNDA:0,(anonymous_7)
FNDA:0,(anonymous_8)
FNDA:0,(anonymous_9)
FNDA:0,(anonymous_10)
FNDA:0,(anonymous_11)
FNDA:0,(anonymous_12)
FNDA:0,(anonymous_13)
FNDA:0,(anonymous_14)
DA:17,1
DA:22,1
DA:27,1
DA:32,1
DA:37,1
DA:42,1
DA:62,1
DA:63,1
DA:64,1
DA:65,1
DA:67,1
DA:68,1
DA:69,1
DA:70,1
DA:80,1
DA:89,1
DA:90,1
DA:91,1
DA:101,1
DA:103,0
DA:104,0
DA:116,0
DA:118,0
DA:129,0
DA:130,0
DA:131,0
DA:132,0
DA:134,0
DA:136,0
DA:137,0
DA:144,0
DA:145,0
DA:146,0
DA:158,0
DA:159,0
DA:160,0
DA:161,0
DA:168,0
DA:178,0
DA:179,0
DA:181,0
DA:182,0
DA:186,0
DA:187,0
DA:188,0
DA:190,0
DA:191,0
DA:193,0
DA:195,0
DA:196,0
DA:197,0
DA:198,0
DA:200,0
DA:201,0
DA:202,0
DA:209,0
DA:210,0
DA:212,0
LF:58
LH:19
BRDA:69,0,0,1
BRDA:69,0,1,0
BRDA:90,1,0,1
BRDA:90,1,1,0
BRDA:129,2,0,0
BRDA:129,2,1,0
BRDA:144,3,0,0
BRDA:144,3,1,0
BRDA:178,4,0,0
BRDA:178,4,1,0
BRDA:178,5,0,0
BRDA:178,5,1,0
BRDA:181,6,0,0
BRDA:181,6,1,0
BRDA:181,7,0,0
BRDA:181,7,1,0
BRDA:187,8,0,0
BRDA:187,8,1,0
BRDA:187,9,0,0
BRDA:187,9,1,0
BRDA:190,10,0,0
BRDA:190,10,1,0
BRDA:195,11,0,0
BRDA:195,11,1,0
BRDA:209,12,0,0
BRDA:209,12,1,0
BRDA:209,13,0,0
BRDA:209,13,1,0
BRF:28
BRH:2
end_of_record
TN:
SF:/Users/robertoguerrasuarez/Documents/contabilidad/frontend/src/app/pages/subcuentas/subcuentas.component.ts
FN:95,(anonymous_0)
FN:105,(anonymous_1)
FN:114,(anonymous_2)
FN:121,(anonymous_3)
FN:128,(anonymous_4)
FN:131,(anonymous_5)
FN:138,(anonymous_6)
FN:150,(anonymous_7)
FN:158,(anonymous_8)
FN:167,(anonymous_9)
FN:177,(anonymous_10)
FN:202,(anonymous_11)
FN:210,(anonymous_12)
FN:213,(anonymous_13)
FN:223,(anonymous_14)
FNF:15
FNH:5
FNDA:1,(anonymous_0)
FNDA:1,(anonymous_1)
FNDA:1,(anonymous_2)
FNDA:0,(anonymous_3)
FNDA:1,(anonymous_4)
FNDA:0,(anonymous_5)
FNDA:0,(anonymous_6)
FNDA:0,(anonymous_7)
FNDA:0,(anonymous_8)
FNDA:1,(anonymous_9)
FNDA:0,(anonymous_10)
FNDA:0,(anonymous_11)
FNDA:0,(anonymous_12)
FNDA:0,(anonymous_13)
FNDA:0,(anonymous_14)
DA:17,1
DA:21,1
DA:26,1
DA:31,1
DA:46,1
DA:61,1
DA:66,1
DA:71,1
DA:76,1
DA:81,1
DA:86,1
DA:96,1
DA:97,1
DA:98,1
DA:99,1
DA:100,1
DA:106,1
DA:107,1
DA:115,1
DA:122,0
DA:129,1
DA:130,1
DA:132,0
DA:133,0
DA:134,0
DA:135,0
DA:139,0
DA:151,0
DA:152,0
DA:159,0
DA:160,0
DA:161,0
DA:168,1
DA:169,1
DA:178,0
DA:179,0
DA:180,0
DA:181,0
DA:183,0
DA:186,0
DA:187,0
DA:188,0
DA:189,0
DA:191,0
DA:194,0
DA:204,0
DA:211,0
DA:212,0
DA:214,0
DA:219,0
DA:220,0
DA:221,0
DA:224,0
LF:53
LH:23
BRDA:178,0,0,0
BRDA:178,0,1,0
BRDA:180,1,0,0
BRDA:180,1,1,0
BRDA:186,2,0,0
BRDA:186,2,1,0
BRDA:188,3,0,0
BRDA:188,3,1,0
BRDA:211,4,0,0
BRDA:211,4,1,0
BRF:10
BRH:0
end_of_record
TN:
SF:/Users/robertoguerrasuarez/Documents/contabilidad/frontend/src/app/pages/subgrupos/subgrupo.component.ts
FN:58,(anonymous_0)
FN:64,(anonymous_1)
FN:75,(anonymous_2)
FN:84,(anonymous_3)
FN:97,(anonymous_4)
FN:99,(anonymous_5)
FN:114,(anonymous_6)
FN:126,(anonymous_7)
FN:135,(anonymous_8)
FN:150,(anonymous_9)
FN:162,(anonymous_10)
FN:171,(anonymous_11)
FN:181,(anonymous_12)
FNF:13
FNH:5
FNDA:1,(anonymous_0)
FNDA:1,(anonymous_1)
FNDA:1,(anonymous_2)
FNDA:1,(anonymous_3)
FNDA:1,(anonymous_4)
FNDA:0,(anonymous_5)
FNDA:0,(anonymous_6)
FNDA:0,(anonymous_7)
FNDA:0,(anonymous_8)
FNDA:0,(anonymous_9)
FNDA:0,(anonymous_10)
FNDA:0,(anonymous_11)
FNDA:0,(anonymous_12)
DA:18,1
DA:22,1
DA:27,1
DA:33,1
DA:38,1
DA:43,1
DA:59,1
DA:60,1
DA:61,1
DA:62,1
DA:64,1
DA:65,1
DA:66,1
DA:67,1
DA:76,1
DA:85,1
DA:86,1
DA:87,1
DA:98,1
DA:100,0
DA:101,0
DA:102,0
DA:103,0
DA:104,0
DA:115,0
DA:116,0
DA:117,0
DA:118,0
DA:120,0
DA:121,0
DA:122,0
DA:124,0
DA:127,0
DA:128,0
DA:133,0
DA:136,0
DA:137,0
DA:138,0
DA:151,0
DA:152,0
DA:153,0
DA:154,0
DA:155,0
DA:156,0
DA:163,0
DA:172,0
DA:173,0
DA:174,0
DA:176,0
DA:177,0
DA:178,0
DA:180,0
DA:184,0
DA:185,0
DA:186,0
DA:187,0
DA:190,0
DA:191,0
DA:192,0
DA:199,0
DA:200,0
DA:202,0
LF:62
LH:19
BRDA:66,0,0,1
BRDA:66,0,1,0
BRDA:86,1,0,1
BRDA:86,1,1,0
BRDA:115,2,0,0
BRDA:115,2,1,0
BRDA:116,3,0,0
BRDA:116,3,1,0
BRDA:136,4,0,0
BRDA:136,4,1,0
BRDA:172,5,0,0
BRDA:172,5,1,0
BRDA:172,6,0,0
BRDA:172,6,1,0
BRDA:177,7,0,0
BRDA:177,7,1,0
BRDA:177,8,0,0
BRDA:177,8,1,0
BRDA:184,9,0,0
BRDA:184,9,1,0
BRDA:199,10,0,0
BRDA:199,10,1,0
BRDA:199,11,0,0
BRDA:199,11,1,0
BRF:24
BRH:2
end_of_record
TN:
SF:/Users/robertoguerrasuarez/Documents/contabilidad/frontend/src/app/pages/subgrupos/subgrupos.component.ts
FN:91,(anonymous_0)
FN:100,(anonymous_1)
FN:109,(anonymous_2)
FN:116,(anonymous_3)
FN:123,(anonymous_4)
FN:130,(anonymous_5)
FN:135,(anonymous_6)
FN:136,(anonymous_7)
FN:145,(anonymous_8)
FN:153,(anonymous_9)
FN:161,(anonymous_10)
FN:171,(anonymous_11)
FN:196,(anonymous_12)
FN:204,(anonymous_13)
FN:208,(anonymous_14)
FN:226,(anonymous_15)
FNF:16
FNH:5
FNDA:1,(anonymous_0)
FNDA:1,(anonymous_1)
FNDA:1,(anonymous_2)
FNDA:0,(anonymous_3)
FNDA:1,(anonymous_4)
FNDA:0,(anonymous_5)
FNDA:0,(anonymous_6)
FNDA:0,(anonymous_7)
FNDA:0,(anonymous_8)
FNDA:0,(anonymous_9)
FNDA:1,(anonymous_10)
FNDA:0,(anonymous_11)
FNDA:0,(anonymous_12)
FNDA:0,(anonymous_13)
FNDA:0,(anonymous_14)
FNDA:0,(anonymous_15)
DA:15,1
DA:20,1
DA:25,1
DA:30,1
DA:45,1
DA:60,1
DA:65,1
DA:75,1
DA:80,1
DA:92,1
DA:93,1
DA:94,1
DA:95,1
DA:101,1
DA:102,1
DA:103,1
DA:110,1
DA:117,0
DA:124,1
DA:125,1
DA:131,0
DA:132,0
DA:133,0
DA:136,0
DA:146,0
DA:147,0
DA:154,0
DA:155,0
DA:162,1
DA:163,1
DA:172,0
DA:173,0
DA:174,0
DA:175,0
DA:177,0
DA:180,0
DA:181,0
DA:182,0
DA:183,0
DA:185,0
DA:188,0
DA:198,0
DA:206,0
DA:207,0
DA:209,0
DA:210,0
DA:215,0
DA:217,0
DA:224,0
DA:227,0
LF:50
LH:21
BRDA:172,0,0,0
BRDA:172,0,1,0
BRDA:174,1,0,0
BRDA:174,1,1,0
BRDA:180,2,0,0
BRDA:180,2,1,0
BRDA:182,3,0,0
BRDA:182,3,1,0
BRDA:206,4,0,0
BRDA:206,4,1,0
BRDA:209,5,0,0
BRDA:209,5,1,0
BRF:12
BRH:0
end_of_record
TN:
SF:/Users/robertoguerrasuarez/Documents/contabilidad/frontend/src/app/pages/tables/load-table.component.ts
FN:16,(anonymous_0)
FN:20,(anonymous_1)
FNF:2
FNH:2
FNDA:6,(anonymous_0)
FNDA:6,(anonymous_1)
DA:10,1
LF:1
LH:1
BRF:0
BRH:0
end_of_record
TN:
SF:/Users/robertoguerrasuarez/Documents/contabilidad/frontend/src/app/pages/tables/notfound.component.ts
FN:14,(anonymous_0)
FN:16,(anonymous_1)
FNF:2
FNH:2
FNDA:2,(anonymous_0)
FNDA:2,(anonymous_1)
DA:10,1
LF:1
LH:1
BRF:0
BRH:0
end_of_record
TN:
SF:/Users/robertoguerrasuarez/Documents/contabilidad/frontend/src/app/pages/users/user.component.ts
FN:50,(anonymous_0)
FN:54,(anonymous_1)
FN:65,(anonymous_2)
FN:75,(anonymous_3)
FN:77,(anonymous_4)
FN:88,(anonymous_5)
FN:103,(anonymous_6)
FN:111,(anonymous_7)
FN:124,(anonymous_8)
FN:137,(anonymous_9)
FNF:10
FNH:4
FNDA:1,(anonymous_0)
FNDA:1,(anonymous_1)
FNDA:1,(anonymous_2)
FNDA:1,(anonymous_3)
FNDA:0,(anonymous_4)
FNDA:0,(anonymous_5)
FNDA:0,(anonymous_6)
FNDA:0,(anonymous_7)
FNDA:0,(anonymous_8)
FNDA:0,(anonymous_9)
DA:16,1
DA:22,1
DA:27,1
DA:36,1
DA:51,1
DA:52,1
DA:54,1
DA:55,1
DA:56,1
DA:57,1
DA:66,1
DA:76,1
DA:78,0
DA:89,0
DA:90,0
DA:91,0
DA:92,0
DA:94,0
DA:95,0
DA:97,0
DA:98,0
DA:99,0
DA:100,0
DA:102,0
DA:104,0
DA:105,0
DA:112,0
DA:113,0
DA:114,0
DA:125,0
DA:126,0
DA:127,0
DA:128,0
DA:129,0
DA:139,0
DA:140,0
DA:142,0
DA:145,0
DA:146,0
DA:148,0
DA:151,0
DA:152,0
DA:153,0
DA:155,0
DA:159,0
DA:160,0
DA:162,0
LF:47
LH:12
BRDA:56,0,0,1
BRDA:56,0,1,0
BRDA:89,1,0,0
BRDA:89,1,1,0
BRDA:90,2,0,0
BRDA:90,2,1,0
BRDA:94,3,0,0
BRDA:94,3,1,0
BRDA:112,4,0,0
BRDA:112,4,1,0
BRDA:139,5,0,0
BRDA:139,5,1,0
BRDA:139,6,0,0
BRDA:139,6,1,0
BRDA:145,7,0,0
BRDA:145,7,1,0
BRDA:145,8,0,0
BRDA:145,8,1,0
BRDA:151,9,0,0
BRDA:151,9,1,0
BRDA:152,10,0,0
BRDA:152,10,1,0
BRDA:152,11,0,0
BRDA:152,11,1,0
BRDA:159,12,0,0
BRDA:159,12,1,0
BRDA:159,13,0,0
BRDA:159,13,1,0
BRF:28
BRH:1
end_of_record
TN:
SF:/Users/robertoguerrasuarez/Documents/contabilidad/frontend/src/app/pages/users/users.component.ts
FN:68,(anonymous_0)
FN:75,(anonymous_1)
FN:83,(anonymous_2)
FN:94,(anonymous_3)
FN:103,(anonymous_4)
FN:112,(anonymous_5)
FN:115,(anonymous_6)
FN:123,(anonymous_7)
FN:138,(anonymous_8)
FN:141,(anonymous_9)
FN:146,(anonymous_10)
FN:153,(anonymous_11)
FNF:12
FNH:4
FNDA:1,(anonymous_0)
FNDA:1,(anonymous_1)
FNDA:1,(anonymous_2)
FNDA:0,(anonymous_3)
FNDA:0,(anonymous_4)
FNDA:0,(anonymous_5)
FNDA:0,(anonymous_6)
FNDA:0,(anonymous_7)
FNDA:1,(anonymous_8)
FNDA:0,(anonymous_9)
FNDA:0,(anonymous_10)
FNDA:0,(anonymous_11)
DA:15,1
DA:21,1
DA:25,1
DA:30,1
DA:42,1
DA:46,1
DA:50,1
DA:68,1
DA:69,1
DA:76,1
DA:77,1
DA:84,1
DA:85,1
DA:95,0
DA:106,0
DA:113,0
DA:114,0
DA:116,0
DA:121,0
DA:124,0
DA:139,1
DA:142,0
DA:143,0
DA:146,0
DA:154,0
DA:155,0
DA:156,0
LF:27
LH:14
BRDA:113,0,0,0
BRDA:113,0,1,0
BRF:2
BRH:0
end_of_record
TN:
SF:/Users/robertoguerrasuarez/Documents/contabilidad/frontend/src/app/pipes/cuenta.pipe.ts
FN:15,(anonymous_0)
FNF:1
FNH:0
FNDA:0,(anonymous_0)
DA:13,1
DA:17,0
DA:18,0
DA:19,0
DA:20,0
DA:21,0
DA:22,0
DA:27,0
DA:28,0
DA:29,0
DA:32,0
DA:33,0
DA:34,0
LF:13
LH:1
BRDA:27,0,0,0
BRDA:27,0,1,0
BRDA:32,1,0,0
BRDA:32,1,1,0
BRF:4
BRH:0
end_of_record
TN:
SF:/Users/robertoguerrasuarez/Documents/contabilidad/frontend/src/app/pipes/pipes.module.ts
FNF:0
FNH:0
DA:20,1
LF:1
LH:1
BRF:0
BRH:0
end_of_record
TN:
SF:/Users/robertoguerrasuarez/Documents/contabilidad/frontend/src/app/pipes/roundceil.pipe.ts
FN:10,(anonymous_0)
FNF:1
FNH:1
FNDA:2,(anonymous_0)
DA:8,1
DA:12,2
DA:13,0
DA:15,2
LF:4
LH:3
BRDA:12,0,0,0
BRDA:12,0,1,2
BRF:2
BRH:1
end_of_record
TN:
SF:/Users/robertoguerrasuarez/Documents/contabilidad/frontend/src/app/services/services.index.ts
FNF:0
FNH:0
LF:0
LH:0
BRF:0
BRH:0
end_of_record
TN:
SF:/Users/robertoguerrasuarez/Documents/contabilidad/frontend/src/app/services/colorTheme/color-theme.service.ts
FN:46,(anonymous_0)
FN:53,(anonymous_1)
FN:89,(anonymous_2)
FN:97,(anonymous_3)
FN:104,(anonymous_4)
FN:111,(anonymous_5)
FN:119,(anonymous_6)
FN:127,(anonymous_7)
FN:135,(anonymous_8)
FN:143,(anonymous_9)
FNF:10
FNH:8
FNDA:4,(anonymous_0)
FNDA:4,(anonymous_1)
FNDA:4,(anonymous_2)
FNDA:0,(anonymous_3)
FNDA:1,(anonymous_4)
FNDA:4,(anonymous_5)
FNDA:1,(anonymous_6)
FNDA:4,(anonymous_7)
FNDA:1,(anonymous_8)
FNDA:0,(anonymous_9)
DA:10,1
DA:20,4
DA:24,4
DA:28,4
DA:33,4
DA:37,4
DA:41,4
DA:47,4
DA:55,4
DA:56,4
DA:58,4
DA:59,4
DA:64,4
DA:65,0
DA:67,0
DA:68,0
DA:73,4
DA:74,4
DA:76,4
DA:77,4
DA:82,4
DA:90,4
DA:91,4
DA:92,4
DA:105,1
DA:112,4
DA:120,1
DA:128,4
DA:136,1
DA:144,0
LF:30
LH:26
BRDA:55,0,0,4
BRDA:55,0,1,0
BRDA:58,1,0,4
BRDA:58,1,1,0
BRDA:64,2,0,0
BRDA:64,2,1,4
BRDA:67,3,0,0
BRDA:67,3,1,0
BRDA:73,4,0,4
BRDA:73,4,1,0
BRDA:76,5,0,4
BRDA:76,5,1,0
BRF:12
BRH:5
end_of_record
TN:
SF:/Users/robertoguerrasuarez/Documents/contabilidad/frontend/src/app/services/config/config.service.ts
FN:34,(anonymous_0)
FN:39,(anonymous_1)
FN:45,(anonymous_2)
FN:52,(anonymous_3)
FN:61,(anonymous_4)
FNF:5
FNH:3
FNDA:9,(anonymous_0)
FNDA:6,(anonymous_1)
FNDA:6,(anonymous_2)
FNDA:0,(anonymous_3)
FNDA:0,(anonymous_4)
DA:10,1
DA:16,9
DA:30,9
DA:34,9
DA:40,6
DA:46,6
DA:53,0
DA:54,0
DA:55,0
DA:62,0
DA:63,0
DA:64,0
LF:12
LH:6
BRF:0
BRH:0
end_of_record
TN:
SF:/Users/robertoguerrasuarez/Documents/contabilidad/frontend/src/app/services/cuentas/cuentas.service.ts
FN:22,(anonymous_0)
FN:35,(anonymous_1)
FN:55,(anonymous_2)
FN:67,(anonymous_3)
FN:85,(anonymous_4)
FNF:5
FNH:3
FNDA:3,(anonymous_0)
FNDA:1,(anonymous_1)
FNDA:1,(anonymous_2)
FNDA:0,(anonymous_3)
FNDA:0,(anonymous_4)
DA:15,1
DA:23,3
DA:24,3
DA:36,1
DA:38,1
DA:39,1
DA:40,1
DA:42,0
DA:43,0
DA:45,1
DA:46,1
DA:56,1
DA:57,1
DA:58,1
DA:68,0
DA:70,0
DA:71,0
DA:72,0
DA:74,0
DA:75,0
DA:86,0
DA:87,0
DA:88,0
LF:23
LH:12
BRDA:38,0,0,1
BRDA:38,0,1,0
BRDA:70,1,0,0
BRDA:70,1,1,0
BRF:4
BRH:1
end_of_record
TN:
SF:/Users/robertoguerrasuarez/Documents/contabilidad/frontend/src/app/services/generales/vias.service.ts
FN:18,(anonymous_0)
FN:21,(anonymous_1)
FNF:2
FNH:2
FNDA:3,(anonymous_0)
FNDA:1,(anonymous_1)
DA:12,1
DA:18,3
DA:22,1
DA:23,1
DA:24,1
LF:5
LH:5
BRF:0
BRH:0
end_of_record
TN:
SF:/Users/robertoguerrasuarez/Documents/contabilidad/frontend/src/app/services/grupos/grupos.service.ts
FN:20,(anonymous_0)
FN:27,(anonymous_1)
FN:38,(anonymous_2)
FN:42,(anonymous_3)
FN:53,(anonymous_4)
FN:65,(anonymous_5)
FN:82,(anonymous_6)
FNF:7
FNH:3
FNDA:7,(anonymous_0)
FNDA:3,(anonymous_1)
FNDA:1,(anonymous_2)
FNDA:0,(anonymous_3)
FNDA:0,(anonymous_4)
FNDA:0,(anonymous_5)
FNDA:0,(anonymous_6)
DA:13,1
DA:20,7
DA:28,3
DA:29,3
DA:30,3
DA:39,1
DA:40,1
DA:41,1
DA:43,0
DA:54,0
DA:55,0
DA:56,0
DA:66,0
DA:68,0
DA:69,0
DA:70,0
DA:72,0
DA:73,0
DA:83,0
DA:84,0
DA:85,0
LF:21
LH:8
BRDA:68,0,0,0
BRDA:68,0,1,0
BRF:2
BRH:0
end_of_record
TN:
SF:/Users/robertoguerrasuarez/Documents/contabilidad/frontend/src/app/services/guards/login-guard.guard.ts
FN:11,(anonymous_0)
FN:15,(anonymous_1)
FN:19,(anonymous_2)
FN:22,(anonymous_3)
FN:34,(anonymous_4)
FN:35,(anonymous_5)
FN:38,(anonymous_6)
FN:41,(anonymous_7)
FNF:8
FNH:0
FNDA:0,(anonymous_0)
FNDA:0,(anonymous_1)
FNDA:0,(anonymous_2)
FNDA:0,(anonymous_3)
FNDA:0,(anonymous_4)
FNDA:0,(anonymous_5)
FNDA:0,(anonymous_6)
FNDA:0,(anonymous_7)
DA:8,1
DA:12,0
DA:13,0
DA:17,0
DA:18,0
DA:20,0
DA:23,0
DA:24,0
DA:26,0
DA:28,0
DA:29,0
DA:35,0
DA:37,0
DA:39,0
DA:42,0
LF:15
LH:1
BRDA:17,0,0,0
BRDA:17,0,1,0
BRF:2
BRH:0
end_of_record
TN:
SF:/Users/robertoguerrasuarez/Documents/contabilidad/frontend/src/app/services/interceptors/interceptor.service.ts
FN:12,(anonymous_0)
FN:13,(anonymous_1)
FN:26,(anonymous_2)
FNF:3
FNH:1
FNDA:1,(anonymous_0)
FNDA:0,(anonymous_1)
FNDA:0,(anonymous_2)
DA:10,1
DA:15,0
DA:27,0
DA:28,0
DA:37,0
LF:5
LH:1
BRDA:27,0,0,0
BRDA:27,0,1,0
BRF:2
BRH:0
end_of_record
TN:
SF:/Users/robertoguerrasuarez/Documents/contabilidad/frontend/src/app/services/menuSidebar/menu-sidebar.service.ts
FN:76,(anonymous_0)
FNF:1
FNH:1
FNDA:3,(anonymous_0)
DA:10,1
DA:14,3
LF:2
LH:2
BRF:0
BRH:0
end_of_record
TN:
SF:/Users/robertoguerrasuarez/Documents/contabilidad/frontend/src/app/services/subcuentas/subcuentas.service.ts
FN:25,(anonymous_0)
FN:32,(anonymous_1)
FN:47,(anonymous_2)
FN:61,(anonymous_3)
FN:77,(anonymous_4)
FN:90,(anonymous_5)
FNF:6
FNH:3
FNDA:6,(anonymous_0)
FNDA:1,(anonymous_1)
FNDA:3,(anonymous_2)
FNDA:0,(anonymous_3)
FNDA:0,(anonymous_4)
FNDA:0,(anonymous_5)
DA:17,1
DA:25,6
DA:33,1
DA:34,1
DA:35,1
DA:48,3
DA:49,3
DA:50,3
DA:52,3
DA:53,3
DA:62,0
DA:63,0
DA:64,0
DA:65,0
DA:67,0
DA:68,0
DA:78,0
DA:79,0
DA:80,0
DA:91,0
DA:92,0
DA:93,0
LF:22
LH:10
BRDA:49,0,0,3
BRDA:49,0,1,0
BRDA:63,1,0,0
BRDA:63,1,1,0
BRF:4
BRH:1
end_of_record
TN:
SF:/Users/robertoguerrasuarez/Documents/contabilidad/frontend/src/app/services/subgrupos/subgrupos.service.ts
FN:19,(anonymous_0)
FN:24,(anonymous_1)
FN:35,(anonymous_2)
FN:45,(anonymous_3)
FN:56,(anonymous_4)
FN:74,(anonymous_5)
FNF:6
FNH:3
FNDA:7,(anonymous_0)
FNDA:3,(anonymous_1)
FNDA:1,(anonymous_2)
FNDA:0,(anonymous_3)
FNDA:0,(anonymous_4)
FNDA:0,(anonymous_5)
DA:11,1
DA:19,7
DA:25,3
DA:26,3
DA:27,3
DA:36,1
DA:37,1
DA:38,1
DA:46,0
DA:47,0
DA:48,0
DA:57,0
DA:59,0
DA:60,0
DA:61,0
DA:63,0
DA:64,0
DA:75,0
DA:76,0
DA:77,0
LF:20
LH:8
BRDA:59,0,0,0
BRDA:59,0,1,0
BRF:2
BRH:0
end_of_record
TN:
SF:/Users/robertoguerrasuarez/Documents/contabilidad/frontend/src/app/services/taxes/taxes.service.ts
FN:19,(anonymous_0)
FN:24,(anonymous_1)
FN:37,(anonymous_2)
FN:49,(anonymous_3)
FN:60,(anonymous_4)
FNF:5
FNH:2
FNDA:3,(anonymous_0)
FNDA:2,(anonymous_1)
FNDA:0,(anonymous_2)
FNDA:0,(anonymous_3)
FNDA:0,(anonymous_4)
DA:12,1
DA:19,3
DA:25,2
DA:26,2
DA:27,2
DA:38,0
DA:40,0
DA:41,0
DA:42,0
DA:44,0
DA:45,0
DA:50,0
DA:51,0
DA:52,0
DA:53,0
DA:55,0
DA:56,0
DA:61,0
DA:62,0
DA:63,0
LF:20
LH:5
BRDA:40,0,0,0
BRDA:40,0,1,0
BRDA:51,1,0,0
BRDA:51,1,1,0
BRF:4
BRH:0
end_of_record
TN:
SF:/Users/robertoguerrasuarez/Documents/contabilidad/frontend/src/app/services/users/user.service.ts
FN:25,(anonymous_0)
FN:37,(anonymous_1)
FN:48,(anonymous_2)
FN:52,(anonymous_3)
FN:69,(anonymous_4)
FN:81,(anonymous_5)
FNF:6
FNH:3
FNDA:3,(anonymous_0)
FNDA:1,(anonymous_1)
FNDA:1,(anonymous_2)
FNDA:0,(anonymous_3)
FNDA:0,(anonymous_4)
FNDA:0,(anonymous_5)
DA:13,1
DA:18,3
DA:25,3
DA:38,1
DA:39,1
DA:40,1
DA:49,1
DA:50,1
DA:51,1
DA:53,0
DA:70,0
DA:71,0
DA:72,0
DA:83,0
DA:84,0
DA:85,0
DA:86,0
DA:88,0
DA:89,0
LF:19
LH:9
BRDA:84,0,0,0
BRDA:84,0,1,0
BRF:2
BRH:0
end_of_record
TN:
SF:/Users/robertoguerrasuarez/Documents/contabilidad/frontend/src/app/services/usuario/usuario.service.ts
FN:16,(anonymous_0)
FN:20,(anonymous_1)
FN:27,(anonymous_2)
FN:32,(anonymous_3)
FN:35,(anonymous_4)
FN:45,(anonymous_5)
FN:58,(anonymous_6)
FN:67,(anonymous_7)
FNF:8
FNH:2
FNDA:8,(anonymous_0)
FNDA:0,(anonymous_1)
FNDA:0,(anonymous_2)
FNDA:0,(anonymous_3)
FNDA:0,(anonymous_4)
FNDA:8,(anonymous_5)
FNDA:0,(anonymous_6)
FNDA:0,(anonymous_7)
DA:11,1
DA:16,8
DA:21,0
DA:28,0
DA:29,0
DA:30,0
DA:33,0
DA:36,0
DA:46,8
DA:47,0
DA:48,0
DA:50,8
DA:51,8
DA:59,0
DA:60,0
DA:62,0
DA:66,0
DA:68,0
DA:69,0
DA:70,0
DA:71,0
LF:21
LH:5
BRDA:21,0,0,0
BRDA:21,0,1,0
BRDA:46,1,0,0
BRDA:46,1,1,8
BRDA:59,2,0,0
BRDA:59,2,1,0
BRF:6
BRH:1
end_of_record
TN:
SF:/Users/robertoguerrasuarez/Documents/contabilidad/frontend/src/app/shared/colortheme/colortheme.component.ts
FN:22,(anonymous_0)
FN:27,(anonymous_1)
FN:40,(anonymous_2)
FNF:3
FNH:2
FNDA:3,(anonymous_0)
FNDA:3,(anonymous_1)
FNDA:0,(anonymous_2)
DA:16,1
DA:22,3
DA:42,0
DA:43,0
DA:44,0
DA:45,0
DA:46,0
LF:7
LH:2
BRF:0
BRH:0
end_of_record
TN:
SF:/Users/robertoguerrasuarez/Documents/contabilidad/frontend/src/app/shared/navbar/navbar.component.ts
FN:39,(anonymous_0)
FN:45,(anonymous_1)
FN:55,(anonymous_2)
FNF:3
FNH:2
FNDA:2,(anonymous_0)
FNDA:2,(anonymous_1)
FNDA:0,(anonymous_2)
DA:13,1
DA:18,2
DA:22,2
DA:26,2
DA:56,0
LF:5
LH:4
BRF:0
BRH:0
end_of_record
TN:
SF:/Users/robertoguerrasuarez/Documents/contabilidad/frontend/src/app/shared/sidebar/sidebar.component.ts
FN:29,(anonymous_0)
FN:35,(anonymous_1)
FN:50,(anonymous_2)
FN:72,(anonymous_3)
FNF:4
FNH:2
FNDA:2,(anonymous_0)
FNDA:2,(anonymous_1)
FNDA:0,(anonymous_2)
FNDA:0,(anonymous_3)
DA:14,1
DA:29,2
DA:39,2
DA:51,0
DA:53,0
DA:54,0
DA:56,0
DA:57,0
DA:59,0
DA:73,0
DA:74,0
DA:75,0
DA:77,0
DA:78,0
DA:80,0
LF:15
LH:3
BRDA:53,0,0,0
BRDA:53,0,1,0
BRDA:74,1,0,0
BRDA:74,1,1,0
BRF:4
BRH:0
end_of_record
TN:
SF:/Users/robertoguerrasuarez/Documents/contabilidad/frontend/src/app/shared/sidebaralternative/sidebaralternative.component.ts
FN:12,(anonymous_0)
FN:14,(anonymous_1)
FNF:2
FNH:2
FNDA:1,(anonymous_0)
FNDA:1,(anonymous_1)
DA:10,1
LF:1
LH:1
BRF:0
BRH:0
end_of_record
TN:
SF:/Users/robertoguerrasuarez/Documents/contabilidad/frontend/src/app/shared/sidebarfooter/sidebarfooter.component.ts
FN:20,(anonymous_0)
FN:26,(anonymous_1)
FNF:2
FNH:2
FNDA:1,(anonymous_0)
FNDA:1,(anonymous_1)
DA:14,1
LF:1
LH:1
BRF:0
BRH:0
end_of_record
